CMake Deprecation Warning at CMakeLists.txt:1 (cmake_minimum_required):
  Compatibility with CMake < 3.5 will be removed from a future version of
  CMake.

  Update the VERSION argument <min> value or use a ...<max> suffix to tell
  CMake that the project does not need compatibility with older versions.


/home/ajn6/opt/src/metis-5.1.0/GKlib/csr.c: In function 'gk_csr_Normalize':
/home/ajn6/opt/src/metis-5.1.0/GKlib/csr.c:1344:14: warning: this 'if' clause does not guard... [-Wmisleading-indentation]
 1344 |         else if (norm == 1)
      |              ^~
/home/ajn6/opt/src/metis-5.1.0/GKlib/csr.c:1346:11: note: ...this statement, but the latter is misleadingly indented as if it were guarded by the 'if'
 1346 |           for (j=ptr[i]; j<ptr[i+1]; j++)
      |           ^~~
/home/ajn6/opt/src/metis-5.1.0/GKlib/csr.c:1371:14: warning: this 'if' clause does not guard... [-Wmisleading-indentation]
 1371 |         else if (norm == 1)
      |              ^~
/home/ajn6/opt/src/metis-5.1.0/GKlib/csr.c:1373:11: note: ...this statement, but the latter is misleadingly indented as if it were guarded by the 'if'
 1373 |           for (j=ptr[i]; j<ptr[i+1]; j++)
      |           ^~~
/home/ajn6/opt/src/metis-5.1.0/GKlib/getopt.c: In function 'gk_getopt_internal':
/home/ajn6/opt/src/metis-5.1.0/GKlib/getopt.c:343:5: warning: this 'if' clause does not guard... [-Wmisleading-indentation]
  343 |     if (gk_optind == 0)
      |     ^~
/home/ajn6/opt/src/metis-5.1.0/GKlib/getopt.c:345:7: note: ...this statement, but the latter is misleadingly indented as if it were guarded by the 'if'
  345 |       optstring = gk_getopt_initialize (argc, argv, optstring);
      |       ^~~~~~~~~
/home/ajn6/opt/src/metis-5.1.0/GKlib/getopt.c:700:9: warning: this 'else' clause does not guard... [-Wmisleading-indentation]
  700 |         else
      |         ^~~~
/home/ajn6/opt/src/metis-5.1.0/GKlib/getopt.c:703:11: note: ...this statement, but the latter is misleadingly indented as if it were guarded by the 'else'
  703 |           nextchar = NULL;
      |           ^~~~~~~~
./build_mfem_script.sh: line 145: $1: unbound variable
linalg/sparsemat.cpp: In member function 'void mfem::SparseMatrix::SortColumnIndices()':
linalg/sparsemat.cpp:479:16: warning: 'csru2csrInfo_t' is deprecated: The type will be removed in the next major release [-Wdeprecated-declarations]
  479 |       csru2csrInfo_t sortInfoA;
      |                ^~~~~~~~~
/software/spack/spack/opt/spack/linux-rocky9-x86_64_v4/gcc-13.2.0/cuda-12.4.0-vbhs4ae6scxu2jlwbf6sm6yas4kq3mde/bin/../targets/x86_64-linux/include/cusparse.h:246:23: note: declared here
  246 | struct csru2csrInfo* csru2csrInfo_t CUSPARSE_DEPRECATED_TYPE;
      |                       ^~~~~~~~~~~~~~
linalg/sparsemat.cpp:486:27: warning: 'cusparseStatus_t cusparseCreateCsru2csrInfo(csru2csrInfo**)' is deprecated: The routine will be removed in the next major release [-Wdeprecated-declarations]
  486 |       cusparseCreateCsru2csrInfo( &sortInfoA );
      |       ~~~~~~~~~~~~~~~~~~~~^~~~~~~~~~~~
/software/spack/spack/opt/spack/linux-rocky9-x86_64_v4/gcc-13.2.0/cuda-12.4.0-vbhs4ae6scxu2jlwbf6sm6yas4kq3mde/bin/../targets/x86_64-linux/include/cusparse.h:482:1: note: declared here
  482 | cusparseCreateCsru2csrInfo(csru2csrInfo_t* info);
      | ^~~~~~~~~~~~~~~~~~~~~~~~~~
linalg/sparsemat.cpp:489:32: warning: 'cusparseStatus_t cusparseScsru2csr_bufferSizeExt(cusparseHandle_t, int, int, int, float*, const int*, int*, csru2csrInfo_t, size_t*)' is deprecated: The routine will be removed in the next major release [-Wdeprecated-declarations]
  489 |       cusparseScsru2csr_bufferSizeExt( handle, n, m, nnzA, d_a_sorted, d_ia,
      |       ~~~~~~~~~~~~~~~~~~~~~~~~~^~~~~~~~~~~~~~~~~~~~~~~~~~~~~~~~~~~~~~~~~~~~~                                      
/software/spack/spack/opt/spack/linux-rocky9-x86_64_v4/gcc-13.2.0/cuda-12.4.0-vbhs4ae6scxu2jlwbf6sm6yas4kq3mde/bin/../targets/x86_64-linux/include/cusparse.h:4145:1: note: declared here
 4145 | cusparseScsru2csr_bufferSizeExt(cusparseHandle_t handle,
      | ^~~~~~~~~~~~~~~~~~~~~~~~~~~~~~~
linalg/sparsemat.cpp:503:18: warning: 'cusparseStatus_t cusparseScsru2csr(cusparseHandle_t, int, int, int, cusparseMatDescr_t, float*, const int*, int*, csru2csrInfo_t, void*)' is deprecated: The routine will be removed in the next major release [-Wdeprecated-declarations]
  503 |       cusparseScsru2csr( handle, n, m, nnzA, matA_descr, d_a_sorted, d_ia,
      |       ~~~~~~~~~~~^~~~~~~~~~~~~~~~~~~~~~~~~~~~~~~~~~~~~~~~~~~~~~~~~~~~~~~~~                          
/software/spack/spack/opt/spack/linux-rocky9-x86_64_v4/gcc-13.2.0/cuda-12.4.0-vbhs4ae6scxu2jlwbf6sm6yas4kq3mde/bin/../targets/x86_64-linux/include/cusparse.h:4193:1: note: declared here
 4193 | cusparseScsru2csr(cusparseHandle_t         handle,
      | ^~~~~~~~~~~~~~~~~
linalg/sparsemat.cpp:516:28: warning: 'cusparseStatus_t cusparseDestroyCsru2csrInfo(csru2csrInfo_t)' is deprecated: The routine will be removed in the next major release [-Wdeprecated-declarations]
  516 |       cusparseDestroyCsru2csrInfo( sortInfoA );
      |       ~~~~~~~~~~~~~~~~~~~~~^~~~~~~~~~~
/software/spack/spack/opt/spack/linux-rocky9-x86_64_v4/gcc-13.2.0/cuda-12.4.0-vbhs4ae6scxu2jlwbf6sm6yas4kq3mde/bin/../targets/x86_64-linux/include/cusparse.h:486:1: note: declared here
  486 | cusparseDestroyCsru2csrInfo(csru2csrInfo_t info);
      | ^~~~~~~~~~~~~~~~~~~~~~~~~~~
linalg/sparsemat.cpp: In member function 'void mfem::SparseMatrix::SortColumnIndices()':
linalg/sparsemat.cpp:479:16: warning: 'csru2csrInfo_t' is deprecated: The type will be removed in the next major release [-Wdeprecated-declarations]
  479 |       csru2csrInfo_t sortInfoA;
      |                ^~~~~~~~~
/software/spack/spack/opt/spack/linux-rocky9-x86_64_v4/gcc-13.2.0/cuda-12.4.0-vbhs4ae6scxu2jlwbf6sm6yas4kq3mde/bin/../targets/x86_64-linux/include/cusparse.h:246:23: note: declared here
  246 | struct csru2csrInfo* csru2csrInfo_t CUSPARSE_DEPRECATED_TYPE;
      |                       ^~~~~~~~~~~~~~
linalg/sparsemat.cpp:486:27: warning: 'cusparseStatus_t cusparseCreateCsru2csrInfo(csru2csrInfo**)' is deprecated: The routine will be removed in the next major release [-Wdeprecated-declarations]
  486 |       cusparseCreateCsru2csrInfo( &sortInfoA );
      |       ~~~~~~~~~~~~~~~~~~~~^~~~~~~~~~~~
/software/spack/spack/opt/spack/linux-rocky9-x86_64_v4/gcc-13.2.0/cuda-12.4.0-vbhs4ae6scxu2jlwbf6sm6yas4kq3mde/bin/../targets/x86_64-linux/include/cusparse.h:482:1: note: declared here
  482 | cusparseCreateCsru2csrInfo(csru2csrInfo_t* info);
      | ^~~~~~~~~~~~~~~~~~~~~~~~~~
linalg/sparsemat.cpp:489:32: warning: 'cusparseStatus_t cusparseScsru2csr_bufferSizeExt(cusparseHandle_t, int, int, int, float*, const int*, int*, csru2csrInfo_t, size_t*)' is deprecated: The routine will be removed in the next major release [-Wdeprecated-declarations]
  489 |       cusparseScsru2csr_bufferSizeExt( handle, n, m, nnzA, d_a_sorted, d_ia,
      |       ~~~~~~~~~~~~~~~~~~~~~~~~~^~~~~~~~~~~~~~~~~~~~~~~~~~~~~~~~~~~~~~~~~~~~~                                      
/software/spack/spack/opt/spack/linux-rocky9-x86_64_v4/gcc-13.2.0/cuda-12.4.0-vbhs4ae6scxu2jlwbf6sm6yas4kq3mde/bin/../targets/x86_64-linux/include/cusparse.h:4145:1: note: declared here
 4145 | cusparseScsru2csr_bufferSizeExt(cusparseHandle_t handle,
      | ^~~~~~~~~~~~~~~~~~~~~~~~~~~~~~~
linalg/sparsemat.cpp:503:18: warning: 'cusparseStatus_t cusparseScsru2csr(cusparseHandle_t, int, int, int, cusparseMatDescr_t, float*, const int*, int*, csru2csrInfo_t, void*)' is deprecated: The routine will be removed in the next major release [-Wdeprecated-declarations]
  503 |       cusparseScsru2csr( handle, n, m, nnzA, matA_descr, d_a_sorted, d_ia,
      |       ~~~~~~~~~~~^~~~~~~~~~~~~~~~~~~~~~~~~~~~~~~~~~~~~~~~~~~~~~~~~~~~~~~~~                          
/software/spack/spack/opt/spack/linux-rocky9-x86_64_v4/gcc-13.2.0/cuda-12.4.0-vbhs4ae6scxu2jlwbf6sm6yas4kq3mde/bin/../targets/x86_64-linux/include/cusparse.h:4193:1: note: declared here
 4193 | cusparseScsru2csr(cusparseHandle_t         handle,
      | ^~~~~~~~~~~~~~~~~
linalg/sparsemat.cpp:516:28: warning: 'cusparseStatus_t cusparseDestroyCsru2csrInfo(csru2csrInfo_t)' is deprecated: The routine will be removed in the next major release [-Wdeprecated-declarations]
  516 |       cusparseDestroyCsru2csrInfo( sortInfoA );
      |       ~~~~~~~~~~~~~~~~~~~~~^~~~~~~~~~~
/software/spack/spack/opt/spack/linux-rocky9-x86_64_v4/gcc-13.2.0/cuda-12.4.0-vbhs4ae6scxu2jlwbf6sm6yas4kq3mde/bin/../targets/x86_64-linux/include/cusparse.h:486:1: note: declared here
  486 | cusparseDestroyCsru2csrInfo(csru2csrInfo_t info);
      | ^~~~~~~~~~~~~~~~~~~~~~~~~~~
